ERROR - 2026-05-24 16:09:27 --> Error connecting to the database: mysqli_sql_exception: No connection could be made because the target machine actively refused it in D:\xampp\htdocs\proyek_kostsaya\system\Database\MySQLi\Connection.php:201
Stack trace:
#0 D:\xampp\htdocs\proyek_kostsaya\system\Database\MySQLi\Connection.php(201): mysqli->real_connect('localhost', '', Object(SensitiveParameterValue), '', 3306, '', 0)
#1 D:\xampp\htdocs\proyek_kostsaya\system\Database\BaseConnection.php(555): CodeIgniter\Database\MySQLi\Connection->connect(false)
#2 D:\xampp\htdocs\proyek_kostsaya\system\Database\BaseConnection.php(795): CodeIgniter\Database\BaseConnection->initialize()
#3 D:\xampp\htdocs\proyek_kostsaya\system\Database\BaseBuilder.php(1649): CodeIgniter\Database\BaseConnection->query('SELECT *\nFROM `...', Array, false)
#4 D:\xampp\htdocs\proyek_kostsaya\system\Model.php(253): CodeIgniter\Database\BaseBuilder->get()
#5 D:\xampp\htdocs\proyek_kostsaya\system\BaseModel.php(676): CodeIgniter\Model->doFindAll(0, 0)
#6 D:\xampp\htdocs\proyek_kostsaya\app\Controllers\Booking.php(13): CodeIgniter\BaseModel->findAll()
#7 D:\xampp\htdocs\proyek_kostsaya\system\CodeIgniter.php(951): App\Controllers\Booking->index()
#8 D:\xampp\htdocs\proyek_kostsaya\system\CodeIgniter.php(497): CodeIgniter\CodeIgniter->runController(Object(App\Controllers\Booking))
#9 D:\xampp\htdocs\proyek_kostsaya\system\CodeIgniter.php(340): CodeIgniter\CodeIgniter->handleRequest(NULL, Object(Config\Cache), false)
#10 D:\xampp\htdocs\proyek_kostsaya\system\Boot.php(417): CodeIgniter\CodeIgniter->run()
#11 D:\xampp\htdocs\proyek_kostsaya\system\Boot.php(68): CodeIgniter\Boot::runCodeIgniter(Object(CodeIgniter\CodeIgniter))
#12 D:\xampp\htdocs\proyek_kostsaya\public\index.php(59): CodeIgniter\Boot::bootWeb(Object(Config\Paths))
#13 D:\xampp\htdocs\proyek_kostsaya\system\rewrite.php(44): require_once('D:\\xampp\\htdocs...')
#14 {main}

Next CodeIgniter\Database\Exceptions\DatabaseException: No connection could be made because the target machine actively refused it in D:\xampp\htdocs\proyek_kostsaya\system\Database\MySQLi\Connection.php:231
Stack trace:
#0 D:\xampp\htdocs\proyek_kostsaya\system\Database\BaseConnection.php(555): CodeIgniter\Database\MySQLi\Connection->connect(false)
#1 D:\xampp\htdocs\proyek_kostsaya\system\Database\BaseConnection.php(795): CodeIgniter\Database\BaseConnection->initialize()
#2 D:\xampp\htdocs\proyek_kostsaya\system\Database\BaseBuilder.php(1649): CodeIgniter\Database\BaseConnection->query('SELECT *\nFROM `...', Array, false)
#3 D:\xampp\htdocs\proyek_kostsaya\system\Model.php(253): CodeIgniter\Database\BaseBuilder->get()
#4 D:\xampp\htdocs\proyek_kostsaya\system\BaseModel.php(676): CodeIgniter\Model->doFindAll(0, 0)
#5 D:\xampp\htdocs\proyek_kostsaya\app\Controllers\Booking.php(13): CodeIgniter\BaseModel->findAll()
#6 D:\xampp\htdocs\proyek_kostsaya\system\CodeIgniter.php(951): App\Controllers\Booking->index()
#7 D:\xampp\htdocs\proyek_kostsaya\system\CodeIgniter.php(497): CodeIgniter\CodeIgniter->runController(Object(App\Controllers\Booking))
#8 D:\xampp\htdocs\proyek_kostsaya\system\CodeIgniter.php(340): CodeIgniter\CodeIgniter->handleRequest(NULL, Object(Config\Cache), false)
#9 D:\xampp\htdocs\proyek_kostsaya\system\Boot.php(417): CodeIgniter\CodeIgniter->run()
#10 D:\xampp\htdocs\proyek_kostsaya\system\Boot.php(68): CodeIgniter\Boot::runCodeIgniter(Object(CodeIgniter\CodeIgniter))
#11 D:\xampp\htdocs\proyek_kostsaya\public\index.php(59): CodeIgniter\Boot::bootWeb(Object(Config\Paths))
#12 D:\xampp\htdocs\proyek_kostsaya\system\rewrite.php(44): require_once('D:\\xampp\\htdocs...')
#13 {main}
CRITICAL - 2026-05-24 16:09:27 --> CodeIgniter\Database\Exceptions\DatabaseException: Unable to connect to the database.
Main connection [MySQLi]: No connection could be made because the target machine actively refused it
[Method: GET, Route: booking]
in SYSTEMPATH\Database\BaseConnection.php on line 606.
 1 SYSTEMPATH\Database\BaseConnection.php(795): CodeIgniter\Database\BaseConnection->initialize()
 2 SYSTEMPATH\Database\BaseBuilder.php(1649): CodeIgniter\Database\BaseConnection->query('SELECT *
FROM `booking`', [], false)
 3 SYSTEMPATH\Model.php(253): CodeIgniter\Database\BaseBuilder->get()
 4 SYSTEMPATH\BaseModel.php(676): CodeIgniter\Model->doFindAll(0, 0)
 5 APPPATH\Controllers\Booking.php(13): CodeIgniter\BaseModel->findAll()
 6 SYSTEMPATH\CodeIgniter.php(951): App\Controllers\Booking->index()
 7 SYSTEMPATH\CodeIgniter.php(497): CodeIgniter\CodeIgniter->runController(Object(App\Controllers\Booking))
 8 SYSTEMPATH\CodeIgniter.php(340): CodeIgniter\CodeIgniter->handleRequest(null, Object(Config\Cache), false)
 9 SYSTEMPATH\Boot.php(417): CodeIgniter\CodeIgniter->run()
10 SYSTEMPATH\Boot.php(68): CodeIgniter\Boot::runCodeIgniter(Object(CodeIgniter\CodeIgniter))
11 FCPATH\index.php(59): CodeIgniter\Boot::bootWeb(Object(Config\Paths))
12 SYSTEMPATH\rewrite.php(44): require_once('D:\\xampp\\htdocs\\proyek_kostsaya\\public\\index.php')
ERROR - 2026-05-24 16:17:24 --> Error connecting to the database: mysqli_sql_exception: No connection could be made because the target machine actively refused it in D:\xampp\htdocs\proyek_kostsaya\system\Database\MySQLi\Connection.php:201
Stack trace:
#0 D:\xampp\htdocs\proyek_kostsaya\system\Database\MySQLi\Connection.php(201): mysqli->real_connect('localhost', '', Object(SensitiveParameterValue), '', 3306, '', 0)
#1 D:\xampp\htdocs\proyek_kostsaya\system\Database\BaseConnection.php(555): CodeIgniter\Database\MySQLi\Connection->connect(false)
#2 D:\xampp\htdocs\proyek_kostsaya\system\Database\BaseConnection.php(795): CodeIgniter\Database\BaseConnection->initialize()
#3 D:\xampp\htdocs\proyek_kostsaya\system\Database\BaseBuilder.php(1649): CodeIgniter\Database\BaseConnection->query('SELECT *\nFROM `...', Array, false)
#4 D:\xampp\htdocs\proyek_kostsaya\system\Model.php(295): CodeIgniter\Database\BaseBuilder->get()
#5 D:\xampp\htdocs\proyek_kostsaya\system\BaseModel.php(714): CodeIgniter\Model->doFirst()
#6 D:\xampp\htdocs\proyek_kostsaya\app\Controllers\Auth.php(32): CodeIgniter\BaseModel->first()
#7 D:\xampp\htdocs\proyek_kostsaya\system\CodeIgniter.php(951): App\Controllers\Auth->attempt()
#8 D:\xampp\htdocs\proyek_kostsaya\system\CodeIgniter.php(497): CodeIgniter\CodeIgniter->runController(Object(App\Controllers\Auth))
#9 D:\xampp\htdocs\proyek_kostsaya\system\CodeIgniter.php(340): CodeIgniter\CodeIgniter->handleRequest(NULL, Object(Config\Cache), false)
#10 D:\xampp\htdocs\proyek_kostsaya\system\Boot.php(417): CodeIgniter\CodeIgniter->run()
#11 D:\xampp\htdocs\proyek_kostsaya\system\Boot.php(68): CodeIgniter\Boot::runCodeIgniter(Object(CodeIgniter\CodeIgniter))
#12 D:\xampp\htdocs\proyek_kostsaya\public\index.php(59): CodeIgniter\Boot::bootWeb(Object(Config\Paths))
#13 D:\xampp\htdocs\proyek_kostsaya\system\rewrite.php(44): require_once('D:\\xampp\\htdocs...')
#14 {main}

Next CodeIgniter\Database\Exceptions\DatabaseException: No connection could be made because the target machine actively refused it in D:\xampp\htdocs\proyek_kostsaya\system\Database\MySQLi\Connection.php:231
Stack trace:
#0 D:\xampp\htdocs\proyek_kostsaya\system\Database\BaseConnection.php(555): CodeIgniter\Database\MySQLi\Connection->connect(false)
#1 D:\xampp\htdocs\proyek_kostsaya\system\Database\BaseConnection.php(795): CodeIgniter\Database\BaseConnection->initialize()
#2 D:\xampp\htdocs\proyek_kostsaya\system\Database\BaseBuilder.php(1649): CodeIgniter\Database\BaseConnection->query('SELECT *\nFROM `...', Array, false)
#3 D:\xampp\htdocs\proyek_kostsaya\system\Model.php(295): CodeIgniter\Database\BaseBuilder->get()
#4 D:\xampp\htdocs\proyek_kostsaya\system\BaseModel.php(714): CodeIgniter\Model->doFirst()
#5 D:\xampp\htdocs\proyek_kostsaya\app\Controllers\Auth.php(32): CodeIgniter\BaseModel->first()
#6 D:\xampp\htdocs\proyek_kostsaya\system\CodeIgniter.php(951): App\Controllers\Auth->attempt()
#7 D:\xampp\htdocs\proyek_kostsaya\system\CodeIgniter.php(497): CodeIgniter\CodeIgniter->runController(Object(App\Controllers\Auth))
#8 D:\xampp\htdocs\proyek_kostsaya\system\CodeIgniter.php(340): CodeIgniter\CodeIgniter->handleRequest(NULL, Object(Config\Cache), false)
#9 D:\xampp\htdocs\proyek_kostsaya\system\Boot.php(417): CodeIgniter\CodeIgniter->run()
#10 D:\xampp\htdocs\proyek_kostsaya\system\Boot.php(68): CodeIgniter\Boot::runCodeIgniter(Object(CodeIgniter\CodeIgniter))
#11 D:\xampp\htdocs\proyek_kostsaya\public\index.php(59): CodeIgniter\Boot::bootWeb(Object(Config\Paths))
#12 D:\xampp\htdocs\proyek_kostsaya\system\rewrite.php(44): require_once('D:\\xampp\\htdocs...')
#13 {main}
CRITICAL - 2026-05-24 16:17:24 --> CodeIgniter\Database\Exceptions\DatabaseException: Unable to connect to the database.
Main connection [MySQLi]: No connection could be made because the target machine actively refused it
[Method: POST, Route: login]
in SYSTEMPATH\Database\BaseConnection.php on line 606.
 1 SYSTEMPATH\Database\BaseConnection.php(795): CodeIgniter\Database\BaseConnection->initialize()
 2 SYSTEMPATH\Database\BaseBuilder.php(1649): CodeIgniter\Database\BaseConnection->query('SELECT *
FROM `users`
WHERE `email` = :email:
 LIMIT 1', [...], false)
 3 SYSTEMPATH\Model.php(295): CodeIgniter\Database\BaseBuilder->get()
 4 SYSTEMPATH\BaseModel.php(714): CodeIgniter\Model->doFirst()
 5 APPPATH\Controllers\Auth.php(32): CodeIgniter\BaseModel->first()
 6 SYSTEMPATH\CodeIgniter.php(951): App\Controllers\Auth->attempt()
 7 SYSTEMPATH\CodeIgniter.php(497): CodeIgniter\CodeIgniter->runController(Object(App\Controllers\Auth))
 8 SYSTEMPATH\CodeIgniter.php(340): CodeIgniter\CodeIgniter->handleRequest(null, Object(Config\Cache), false)
 9 SYSTEMPATH\Boot.php(417): CodeIgniter\CodeIgniter->run()
10 SYSTEMPATH\Boot.php(68): CodeIgniter\Boot::runCodeIgniter(Object(CodeIgniter\CodeIgniter))
11 FCPATH\index.php(59): CodeIgniter\Boot::bootWeb(Object(Config\Paths))
12 SYSTEMPATH\rewrite.php(44): require_once('D:\\xampp\\htdocs\\proyek_kostsaya\\public\\index.php')
