CRITICAL - 2026-05-22 07:14:05 --> ParseError: syntax error, unexpected token "===", expecting end of file
[Method: CLI, Route: make:migration/UserMigration]
in APPPATH\Config\Routes.php on line 108.
 1 SYSTEMPATH\CLI\Console.php(41): CodeIgniter\Router\RouteCollection->loadRoutes()
 2 SYSTEMPATH\Boot.php(442): CodeIgniter\CLI\Console->run()
 3 SYSTEMPATH\Boot.php(166): CodeIgniter\Boot::runCommand(Object(CodeIgniter\CLI\Console))
 4 ROOTPATH\spark(87): CodeIgniter\Boot::bootSpark(Object(Config\Paths))
CRITICAL - 2026-05-22 07:15:44 --> ParseError: syntax error, unexpected token "===", expecting end of file
[Method: CLI, Route: make:migration/CreateUserTable]
in APPPATH\Config\Routes.php on line 108.
 1 SYSTEMPATH\CLI\Console.php(41): CodeIgniter\Router\RouteCollection->loadRoutes()
 2 SYSTEMPATH\Boot.php(442): CodeIgniter\CLI\Console->run()
 3 SYSTEMPATH\Boot.php(166): CodeIgniter\Boot::runCommand(Object(CodeIgniter\CLI\Console))
 4 ROOTPATH\spark(87): CodeIgniter\Boot::bootSpark(Object(Config\Paths))
ERROR - 2026-05-22 08:39:58 --> Table 'user' already exists
in SYSTEMPATH\Database\MySQLi\Connection.php on line 300.
 1 SYSTEMPATH\Database\MySQLi\Connection.php(300): mysqli->query('CREATE TABLE `user` (
	`user_id` INT(11) UNSIGNED NOT NULL AUTO_INCREMENT,
	`nama` VARCHAR(100) NOT NULL,
	`email` VARCHAR(100) NOT NULL UNIQUE,
	`password` VARCHAR(255) NOT NULL,
	`role` ENUM(\'admin\',\'user\',\'pemilik\') NOT NULL DEFAULT \'user\',
	`created_at` DATETIME NULL,
	`updated_at` DATETIME NULL,
	CONSTRAINT `pk_user` PRIMARY KEY(`user_id`)
) DEFAULT CHARACTER SET = utf8mb4 COLLATE = utf8mb4_general_ci', 0)
 2 SYSTEMPATH\Database\BaseConnection.php(910): CodeIgniter\Database\MySQLi\Connection->execute('CREATE TABLE `user` (
	`user_id` INT(11) UNSIGNED NOT NULL AUTO_INCREMENT,
	`nama` VARCHAR(100) NOT NULL,
	`email` VARCHAR(100) NOT NULL UNIQUE,
	`password` VARCHAR(255) NOT NULL,
	`role` ENUM(\'admin\',\'user\',\'pemilik\') NOT NULL DEFAULT \'user\',
	`created_at` DATETIME NULL,
	`updated_at` DATETIME NULL,
	CONSTRAINT `pk_user` PRIMARY KEY(`user_id`)
) DEFAULT CHARACTER SET = utf8mb4 COLLATE = utf8mb4_general_ci')
 3 SYSTEMPATH\Database\BaseConnection.php(827): CodeIgniter\Database\BaseConnection->simpleQuery('CREATE TABLE `user` (
	`user_id` INT(11) UNSIGNED NOT NULL AUTO_INCREMENT,
	`nama` VARCHAR(100) NOT NULL,
	`email` VARCHAR(100) NOT NULL UNIQUE,
	`password` VARCHAR(255) NOT NULL,
	`role` ENUM(\'admin\',\'user\',\'pemilik\') NOT NULL DEFAULT \'user\',
	`created_at` DATETIME NULL,
	`updated_at` DATETIME NULL,
	CONSTRAINT `pk_user` PRIMARY KEY(`user_id`)
) DEFAULT CHARACTER SET = utf8mb4 COLLATE = utf8mb4_general_ci')
 4 SYSTEMPATH\Database\Forge.php(570): CodeIgniter\Database\BaseConnection->query('CREATE TABLE `user` (
	`user_id` INT(11) UNSIGNED NOT NULL AUTO_INCREMENT,
	`nama` VARCHAR(100) NOT NULL,
	`email` VARCHAR(100) NOT NULL UNIQUE,
	`password` VARCHAR(255) NOT NULL,
	`role` ENUM(\'admin\',\'user\',\'pemilik\') NOT NULL DEFAULT \'user\',
	`created_at` DATETIME NULL,
	`updated_at` DATETIME NULL,
	CONSTRAINT `pk_user` PRIMARY KEY(`user_id`)
) DEFAULT CHARACTER SET = utf8mb4 COLLATE = utf8mb4_general_ci')
 5 APPPATH\Database\Migrations\2026-05-12-075241_CreateUserTable.php(56): CodeIgniter\Database\Forge->createTable('user')
 6 SYSTEMPATH\Database\MigrationRunner.php(1014): App\Database\Migrations\CreateUserTable->up()
 7 SYSTEMPATH\Database\MigrationRunner.php(202): CodeIgniter\Database\MigrationRunner->migrate('up', Object(stdClass))
 8 SYSTEMPATH\Commands\Database\Migrate.php(89): CodeIgniter\Database\MigrationRunner->latest(null)
 9 SYSTEMPATH\CLI\SignalTrait.php(245): CodeIgniter\Commands\Database\Migrate::CodeIgniter\Commands\Database\{closure}()
10 SYSTEMPATH\Commands\Database\Migrate.php(88): CodeIgniter\Commands\Database\Migrate->withSignalsBlocked(Object(Closure))
11 SYSTEMPATH\CLI\Commands.php(74): CodeIgniter\Commands\Database\Migrate->run([])
12 SYSTEMPATH\CLI\Console.php(47): CodeIgniter\CLI\Commands->run('migrate', [])
13 SYSTEMPATH\Boot.php(442): CodeIgniter\CLI\Console->run()
14 SYSTEMPATH\Boot.php(166): CodeIgniter\Boot::runCommand(Object(CodeIgniter\CLI\Console))
15 ROOTPATH\spark(87): CodeIgniter\Boot::bootSpark(Object(Config\Paths))
